0 info it worked if it ends with ok
1 verbose cli [ '/Users/szuniga/.nvm/versions/node/v6.4.0/bin/node',
1 verbose cli   '/Users/szuniga/.nvm/versions/node/v6.4.0/bin/npm',
1 verbose cli   'start' ]
2 info using npm@3.10.3
3 info using node@v6.4.0
4 verbose run-script [ 'prestart', 'start', 'poststart' ]
5 info lifecycle tateti-game@1.0.0~prestart: tateti-game@1.0.0
6 verbose lifecycle tateti-game@1.0.0~prestart: unsafe-perm in lifecycle true
7 verbose lifecycle tateti-game@1.0.0~prestart: PATH: /Users/szuniga/.nvm/versions/node/v6.4.0/lib/node_modules/npm/bin/node-gyp-bin:/Users/szuniga/tateti-game/node_modules/.bin:/Users/szuniga/.nvm/versions/node/v6.4.0/bin:/Users/szuniga/.nvm/versions/node/v6.4.0/bin:/Applications/mongodb/bin:/usr/local/bin:/usr/bin:/bin:/usr/sbin:/sbin:/Users/szuniga/kwantec/software_tropos/gradle-2.6/bin:/Users/szuniga/kwantec/software_tropos/scala-2.11.7/bin:/opt/X11/bin:/usr/local/go/bin:/usr/local/bin/virtualbox:/usr/local/go/bin/:/Users/szuniga/.golang_default/bin:/Users/szuniga/Library/Android/sdk/platform-tools:/Users/szuniga/Library/Android/sdk/tools
8 verbose lifecycle tateti-game@1.0.0~prestart: CWD: /Users/szuniga/tateti-game
9 silly lifecycle tateti-game@1.0.0~prestart: Args: [ '-c', 'gulp' ]
10 silly lifecycle tateti-game@1.0.0~prestart: Returned: code: 1  signal: null
11 info lifecycle tateti-game@1.0.0~prestart: Failed to exec prestart script
12 verbose stack Error: tateti-game@1.0.0 prestart: `gulp`
12 verbose stack Exit status 1
12 verbose stack     at EventEmitter.<anonymous> (/Users/szuniga/.nvm/versions/node/v6.4.0/lib/node_modules/npm/lib/utils/lifecycle.js:242:16)
12 verbose stack     at emitTwo (events.js:106:13)
12 verbose stack     at EventEmitter.emit (events.js:191:7)
12 verbose stack     at ChildProcess.<anonymous> (/Users/szuniga/.nvm/versions/node/v6.4.0/lib/node_modules/npm/lib/utils/spawn.js:40:14)
12 verbose stack     at emitTwo (events.js:106:13)
12 verbose stack     at ChildProcess.emit (events.js:191:7)
12 verbose stack     at maybeClose (internal/child_process.js:852:16)
12 verbose stack     at Process.ChildProcess._handle.onexit (internal/child_process.js:215:5)
13 verbose pkgid tateti-game@1.0.0
14 verbose cwd /Users/szuniga/tateti-game
15 error Darwin 15.6.0
16 error argv "/Users/szuniga/.nvm/versions/node/v6.4.0/bin/node" "/Users/szuniga/.nvm/versions/node/v6.4.0/bin/npm" "start"
17 error node v6.4.0
18 error npm  v3.10.3
19 error code ELIFECYCLE
20 error tateti-game@1.0.0 prestart: `gulp`
20 error Exit status 1
21 error Failed at the tateti-game@1.0.0 prestart script 'gulp'.
21 error Make sure you have the latest version of node.js and npm installed.
21 error If you do, this is most likely a problem with the tateti-game package,
21 error not with npm itself.
21 error Tell the author that this fails on your system:
21 error     gulp
21 error You can get information on how to open an issue for this project with:
21 error     npm bugs tateti-game
21 error Or if that isn't available, you can get their info via:
21 error     npm owner ls tateti-game
21 error There is likely additional logging output above.
22 verbose exit [ 1, true ]
